g:\8.new_cd\3.study\3.windows\5.socket\qtsocketclient\qtsocketclient\debug\vc120.pdb
g:\8.new_cd\3.study\3.windows\5.socket\qtsocketclient\qtsocketclient\debug\main.obj
g:\8.new_cd\3.study\3.windows\5.socket\qtsocketclient\qtsocketclient\debug\moc_client.obj
g:\8.new_cd\3.study\3.windows\5.socket\qtsocketclient\qtsocketclient\debug\client.obj
g:\8.new_cd\3.study\3.windows\5.socket\qtsocketclient\qtsocketclient\debug\qrc_client.obj
g:\8.new_cd\3.study\3.windows\5.socket\qtsocketclient\qtsocketclient\generatedfiles\debug\moc_client.cpp
g:\8.new_cd\3.study\3.windows\5.socket\qtsocketclient\qtsocketclient\generatedfiles\qrc_client.cpp
g:\8.new_cd\3.study\3.windows\5.socket\qtsocketclient\qtsocketclient\generatedfiles\ui_client.h
g:\8.new_cd\3.study\3.windows\5.socket\qtsocketclient\win32\debug\qtsocketclient.ilk
g:\8.new_cd\3.study\3.windows\5.socket\qtsocketclient\win32\debug\qtsocketclient.exe
g:\8.new_cd\3.study\3.windows\5.socket\qtsocketclient\win32\debug\qtsocketclient.pdb
g:\8.new_cd\3.study\3.windows\5.socket\qtsocketclient\qtsocketclient\debug\qtsocketclient.tlog\cl.command.1.tlog
g:\8.new_cd\3.study\3.windows\5.socket\qtsocketclient\qtsocketclient\debug\qtsocketclient.tlog\cl.read.1.tlog
g:\8.new_cd\3.study\3.windows\5.socket\qtsocketclient\qtsocketclient\debug\qtsocketclient.tlog\cl.write.1.tlog
g:\8.new_cd\3.study\3.windows\5.socket\qtsocketclient\qtsocketclient\debug\qtsocketclient.tlog\custombuild.command.1.tlog
g:\8.new_cd\3.study\3.windows\5.socket\qtsocketclient\qtsocketclient\debug\qtsocketclient.tlog\custombuild.read.1.tlog
g:\8.new_cd\3.study\3.windows\5.socket\qtsocketclient\qtsocketclient\debug\qtsocketclient.tlog\custombuild.write.1.tlog
g:\8.new_cd\3.study\3.windows\5.socket\qtsocketclient\qtsocketclient\debug\qtsocketclient.tlog\link.command.1.tlog
g:\8.new_cd\3.study\3.windows\5.socket\qtsocketclient\qtsocketclient\debug\qtsocketclient.tlog\link.read.1.tlog
g:\8.new_cd\3.study\3.windows\5.socket\qtsocketclient\qtsocketclient\debug\qtsocketclient.tlog\link.write.1.tlog
